[1005/083644.697:ERROR:process_memory_win.cc(73)] ReadMemory at 0x1d2e6ce0000 of 72 bytes failed: Only part of a ReadProcessMemory or WriteProcessMemory request was completed. (0x12B)
[1005/083644.837:WARNING:pe_image_annotations_reader.cc(135)] could not read annotations list object in C:\Program Files (x86)\Google\Chrome\Application\85.0.4183.121\chrome_elf.dll
[1005/083644.838:ERROR:process_memory_win.cc(73)] ReadMemory at 0x1d2e7220000 of 64 bytes failed: Only part of a ReadProcessMemory or WriteProcessMemory request was completed. (0x12B)
[1005/083644.838:WARNING:pe_image_reader.cc(340)] could not read dos header from C:\Windows\System32\sechost.dll
[1005/083644.838:ERROR:process_memory_win.cc(73)] ReadMemory at 0x1d2e6d272d0 of 72 bytes failed: Only part of a ReadProcessMemory or WriteProcessMemory request was completed. (0x12B)
[1005/083644.839:WARNING:pe_image_annotations_reader.cc(135)] could not read annotations list object in C:\Program Files (x86)\Google\Chrome\Application\85.0.4183.121\chrome.dll
[1005/083645.143:ERROR:process_memory_win.cc(73)] ReadMemory at 0x1d2e6ce0000 of 72 bytes failed: Only part of a ReadProcessMemory or WriteProcessMemory request was completed. (0x12B)
[1005/083645.143:WARNING:pe_image_annotations_reader.cc(135)] could not read annotations list object in C:\Program Files (x86)\Google\Chrome\Application\85.0.4183.121\chrome_elf.dll
[1005/083645.143:ERROR:process_memory_win.cc(73)] ReadMemory at 0x1d2e7220000 of 64 bytes failed: Only part of a ReadProcessMemory or WriteProcessMemory request was completed. (0x12B)
[1005/083645.143:WARNING:pe_image_reader.cc(340)] could not read dos header from C:\Windows\System32\sechost.dll
[1005/083645.143:ERROR:process_memory_win.cc(73)] ReadMemory at 0x1d2e6d272d0 of 72 bytes failed: Only part of a ReadProcessMemory or WriteProcessMemory request was completed. (0x12B)
[1005/083645.143:WARNING:pe_image_annotations_reader.cc(135)] could not read annotations list object in C:\Program Files (x86)\Google\Chrome\Application\85.0.4183.121\chrome.dll
[1005/083645.144:ERROR:process_memory_win.cc(73)] ReadMemory at 0x1d2e6ce0000 of 72 bytes failed: Only part of a ReadProcessMemory or WriteProcessMemory request was completed. (0x12B)
[1005/083645.144:WARNING:pe_image_annotations_reader.cc(135)] could not read annotations list object in C:\Program Files (x86)\Google\Chrome\Application\85.0.4183.121\chrome_elf.dll
[1005/083645.144:ERROR:process_memory_win.cc(73)] ReadMemory at 0x1d2e7220000 of 64 bytes failed: Only part of a ReadProcessMemory or WriteProcessMemory request was completed. (0x12B)
[1005/083645.144:WARNING:pe_image_reader.cc(340)] could not read dos header from C:\Windows\System32\sechost.dll
[1005/083645.144:ERROR:process_memory_win.cc(73)] ReadMemory at 0x1d2e6d272d0 of 72 bytes failed: Only part of a ReadProcessMemory or WriteProcessMemory request was completed. (0x12B)
[1005/083645.144:WARNING:pe_image_annotations_reader.cc(135)] could not read annotations list object in C:\Program Files (x86)\Google\Chrome\Application\85.0.4183.121\chrome.dll
[1005/083645.210:ERROR:process_memory_win.cc(73)] ReadMemory at 0x86d3bef000 of 69632 bytes failed: Only part of a ReadProcessMemory or WriteProcessMemory request was completed. (0x12B)
[1005/083645.210:ERROR:process_memory_win.cc(73)] ReadMemory at 0x86d43fd000 of 12288 bytes failed: Only part of a ReadProcessMemory or WriteProcessMemory request was completed. (0x12B)
[1005/083645.210:ERROR:process_memory_win.cc(73)] ReadMemory at 0x86d53fd000 of 12288 bytes failed: Only part of a ReadProcessMemory or WriteProcessMemory request was completed. (0x12B)
[1005/083645.210:ERROR:process_memory_win.cc(73)] ReadMemory at 0x86d5bfb000 of 20480 bytes failed: Only part of a ReadProcessMemory or WriteProcessMemory request was completed. (0x12B)
[1005/083645.357:ERROR:process_memory_win.cc(73)] ReadMemory at 0x86d63ff000 of 4096 bytes failed: Only part of a ReadProcessMemory or WriteProcessMemory request was completed. (0x12B)
[1005/083645.357:ERROR:process_memory_win.cc(73)] ReadMemory at 0x86d6bfd000 of 12288 bytes failed: Only part of a ReadProcessMemory or WriteProcessMemory request was completed. (0x12B)
[1005/083645.357:ERROR:process_memory_win.cc(73)] ReadMemory at 0x86d73fc000 of 16384 bytes failed: Only part of a ReadProcessMemory or WriteProcessMemory request was completed. (0x12B)
[1005/083645.357:ERROR:process_memory_win.cc(73)] ReadMemory at 0x86d83fd000 of 12288 bytes failed: Only part of a ReadProcessMemory or WriteProcessMemory request was completed. (0x12B)
[1005/083645.357:ERROR:process_memory_win.cc(73)] ReadMemory at 0x86d8bfb000 of 20480 bytes failed: Only part of a ReadProcessMemory or WriteProcessMemory request was completed. (0x12B)
[1005/083645.357:ERROR:process_memory_win.cc(73)] ReadMemory at 0x86d93fb000 of 20480 bytes failed: Only part of a ReadProcessMemory or WriteProcessMemory request was completed. (0x12B)
[1005/083645.357:ERROR:process_memory_win.cc(73)] ReadMemory at 0x86d9bfc000 of 16384 bytes failed: Only part of a ReadProcessMemory or WriteProcessMemory request was completed. (0x12B)
[1005/083645.357:ERROR:process_memory_win.cc(73)] ReadMemory at 0x86d7bfd000 of 12288 bytes failed: Only part of a ReadProcessMemory or WriteProcessMemory request was completed. (0x12B)
[1005/083645.357:ERROR:process_memory_win.cc(73)] ReadMemory at 0x86dabfd000 of 12288 bytes failed: Only part of a ReadProcessMemory or WriteProcessMemory request was completed. (0x12B)
[1005/083645.357:ERROR:process_memory_win.cc(73)] ReadMemory at 0x86d4bff000 of 4096 bytes failed: Only part of a ReadProcessMemory or WriteProcessMemory request was completed. (0x12B)
[1005/083645.358:ERROR:process_memory_win.cc(73)] ReadMemory at 0x86d32bd000 of 852 bytes failed: Only part of a ReadProcessMemory or WriteProcessMemory request was completed. (0x12B)
[1005/083645.358:ERROR:process_memory_win.cc(73)] ReadMemory at 0x86d32be000 of 6024 bytes failed: Only part of a ReadProcessMemory or WriteProcessMemory request was completed. (0x12B)
[1005/083645.358:ERROR:process_memory_win.cc(73)] ReadMemory at 0x86d32c0000 of 6024 bytes failed: Only part of a ReadProcessMemory or WriteProcessMemory request was completed. (0x12B)
[1005/083645.358:ERROR:process_memory_win.cc(73)] ReadMemory at 0x86d32c4000 of 6024 bytes failed: Only part of a ReadProcessMemory or WriteProcessMemory request was completed. (0x12B)
[1005/083645.358:ERROR:process_memory_win.cc(73)] ReadMemory at 0x86d32c6000 of 6024 bytes failed: Only part of a ReadProcessMemory or WriteProcessMemory request was completed. (0x12B)
[1005/083645.358:ERROR:process_memory_win.cc(73)] ReadMemory at 0x86d32c8000 of 6024 bytes failed: Only part of a ReadProcessMemory or WriteProcessMemory request was completed. (0x12B)
[1005/083645.358:ERROR:process_memory_win.cc(73)] ReadMemory at 0x86d32ca000 of 6024 bytes failed: Only part of a ReadProcessMemory or WriteProcessMemory request was completed. (0x12B)
[1005/083645.358:ERROR:process_memory_win.cc(73)] ReadMemory at 0x86d32cc000 of 6024 bytes failed: Only part of a ReadProcessMemory or WriteProcessMemory request was completed. (0x12B)
[1005/083645.359:ERROR:process_memory_win.cc(73)] ReadMemory at 0x86d32d0000 of 6024 bytes failed: Only part of a ReadProcessMemory or WriteProcessMemory request was completed. (0x12B)
[1005/083645.359:ERROR:process_memory_win.cc(73)] ReadMemory at 0x86d32d2000 of 6024 bytes failed: Only part of a ReadProcessMemory or WriteProcessMemory request was completed. (0x12B)
[1005/083645.359:ERROR:process_memory_win.cc(73)] ReadMemory at 0x86d32d4000 of 6024 bytes failed: Only part of a ReadProcessMemory or WriteProcessMemory request was completed. (0x12B)
[1005/083645.359:ERROR:process_memory_win.cc(73)] ReadMemory at 0x86d32d6000 of 6024 bytes failed: Only part of a ReadProcessMemory or WriteProcessMemory request was completed. (0x12B)
[1005/083645.359:ERROR:process_memory_win.cc(73)] ReadMemory at 0x86d32dc000 of 6024 bytes failed: Only part of a ReadProcessMemory or WriteProcessMemory request was completed. (0x12B)
[1005/083645.359:ERROR:process_memory_win.cc(73)] ReadMemory at 0x86d33a0000 of 6024 bytes failed: Only part of a ReadProcessMemory or WriteProcessMemory request was completed. (0x12B)
[1005/083645.359:ERROR:process_memory_win.cc(73)] ReadMemory at 0x86d33a8000 of 6024 bytes failed: Only part of a ReadProcessMemory or WriteProcessMemory request was completed. (0x12B)
[1005/083645.359:ERROR:process_memory_win.cc(73)] ReadMemory at 0x1d2e6cd0fe0 of 19140 bytes failed: Only part of a ReadProcessMemory or WriteProcessMemory request was completed. (0x12B)
[1005/083645.360:ERROR:process_memory_win.cc(73)] ReadMemory at 0x1d2e6cd5ab0 of 1012 bytes failed: Only part of a ReadProcessMemory or WriteProcessMemory request was completed. (0x12B)
[1005/083645.360:ERROR:process_memory_win.cc(73)] ReadMemory at 0x1d2e6cd60f8 of 118 bytes failed: Only part of a ReadProcessMemory or WriteProcessMemory request was completed. (0x12B)
[1005/083645.360:ERROR:process_memory_win.cc(73)] ReadMemory at 0x1d2e6cd6170 of 760 bytes failed: Only part of a ReadProcessMemory or WriteProcessMemory request was completed. (0x12B)
[1005/083645.360:ERROR:process_memory_win.cc(73)] ReadMemory at 0x1d2e6cd646a of 118 bytes failed: Only part of a ReadProcessMemory or WriteProcessMemory request was completed. (0x12B)
[1005/083645.360:ERROR:process_memory_win.cc(73)] ReadMemory at 0x1d2e6cd64e2 of 94 bytes failed: Only part of a ReadProcessMemory or WriteProcessMemory request was completed. (0x12B)
[1005/083645.360:ERROR:process_memory_win.cc(73)] ReadMemory at 0x1d2e6cd6550 of 58 bytes failed: Only part of a ReadProcessMemory or WriteProcessMemory request was completed. (0x12B)
[1005/083645.360:ERROR:process_memory_win.cc(73)] ReadMemory at 0x1d2e6cd6650 of 132 bytes failed: Only part of a ReadProcessMemory or WriteProcessMemory request was completed. (0x12B)
[1005/083645.360:ERROR:process_memory_win.cc(73)] ReadMemory at 0x1d2e6cd67e0 of 132 bytes failed: Only part of a ReadProcessMemory or WriteProcessMemory request was completed. (0x12B)
[1005/083645.360:ERROR:process_memory_win.cc(73)] ReadMemory at 0x1d2e6cd69a0 of 126 bytes failed: Only part of a ReadProcessMemory or WriteProcessMemory request was completed. (0x12B)
[1005/083645.360:ERROR:process_memory_win.cc(73)] ReadMemory at 0x1d2e6cd6d80 of 132 bytes failed: Only part of a ReadProcessMemory or WriteProcessMemory request was completed. (0x12B)
[1005/083645.360:ERROR:process_memory_win.cc(73)] ReadMemory at 0x1d2e6cd6f10 of 64 bytes failed: Only part of a ReadProcessMemory or WriteProcessMemory request was completed. (0x12B)
[1005/083645.361:ERROR:process_memory_win.cc(73)] ReadMemory at 0x1d2e6cd70d0 of 132 bytes failed: Only part of a ReadProcessMemory or WriteProcessMemory request was completed. (0x12B)
[1005/083645.361:ERROR:process_memory_win.cc(73)] ReadMemory at 0x1d2e6cd7370 of 132 bytes failed: Only part of a ReadProcessMemory or WriteProcessMemory request was completed. (0x12B)
[1005/083645.361:ERROR:process_memory_win.cc(73)] ReadMemory at 0x1d2e6cd7500 of 68 bytes failed: Only part of a ReadProcessMemory or WriteProcessMemory request was completed. (0x12B)
[1005/083645.361:ERROR:process_memory_win.cc(73)] ReadMemory at 0x1d2e6cd85d0 of 132 bytes failed: Only part of a ReadProcessMemory or WriteProcessMemory request was completed. (0x12B)
[1005/083645.361:ERROR:process_memory_win.cc(73)] ReadMemory at 0x1d2e6cd8760 of 154 bytes failed: Only part of a ReadProcessMemory or WriteProcessMemory request was completed. (0x12B)
[1005/083645.361:ERROR:process_memory_win.cc(73)] ReadMemory at 0x1d2e6cd9570 of 62 bytes failed: Only part of a ReadProcessMemory or WriteProcessMemory request was completed. (0x12B)
[1005/083645.361:ERROR:process_memory_win.cc(73)] ReadMemory at 0x1d2e6cd96d0 of 132 bytes failed: Only part of a ReadProcessMemory or WriteProcessMemory request was completed. (0x12B)
[1005/083645.361:ERROR:process_memory_win.cc(73)] ReadMemory at 0x1d2e6cd9860 of 60 bytes failed: Only part of a ReadProcessMemory or WriteProcessMemory request was completed. (0x12B)
[1005/083645.361:ERROR:process_memory_win.cc(73)] ReadMemory at 0x1d2e6cea780 of 54 bytes failed: Only part of a ReadProcessMemory or WriteProcessMemory request was completed. (0x12B)
[1005/083645.361:ERROR:process_memory_win.cc(73)] ReadMemory at 0x1d2e6cec870 of 80 bytes failed: Only part of a ReadProcessMemory or WriteProcessMemory request was completed. (0x12B)
[1005/083645.361:ERROR:process_memory_win.cc(73)] ReadMemory at 0x1d2e6cee7d0 of 132 bytes failed: Only part of a ReadProcessMemory or WriteProcessMemory request was completed. (0x12B)
[1005/083645.361:ERROR:process_memory_win.cc(73)] ReadMemory at 0x1d2e6cee9f0 of 132 bytes failed: Only part of a ReadProcessMemory or WriteProcessMemory request was completed. (0x12B)
[1005/083645.361:ERROR:process_memory_win.cc(73)] ReadMemory at 0x1d2e6ceeb40 of 132 bytes failed: Only part of a ReadProcessMemory or WriteProcessMemory request was completed. (0x12B)
[1005/083645.361:ERROR:process_memory_win.cc(73)] ReadMemory at 0x1d2e6ceede0 of 76 bytes failed: Only part of a ReadProcessMemory or WriteProcessMemory request was completed. (0x12B)
[1005/083645.363:ERROR:process_memory_win.cc(73)] ReadMemory at 0x1d2e6cefa40 of 80 bytes failed: Only part of a ReadProcessMemory or WriteProcessMemory request was completed. (0x12B)
[1005/083645.363:ERROR:process_memory_win.cc(73)] ReadMemory at 0x1d2e6cf1780 of 132 bytes failed: Only part of a ReadProcessMemory or WriteProcessMemory request was completed. (0x12B)
[1005/083645.363:ERROR:process_memory_win.cc(73)] ReadMemory at 0x1d2e6cf3c50 of 132 bytes failed: Only part of a ReadProcessMemory or WriteProcessMemory request was completed. (0x12B)
[1005/083645.363:ERROR:process_memory_win.cc(73)] ReadMemory at 0x1d2e6cf8160 of 132 bytes failed: Only part of a ReadProcessMemory or WriteProcessMemory request was completed. (0x12B)
[1005/083645.363:ERROR:process_memory_win.cc(73)] ReadMemory at 0x1d2e6cf8290 of 132 bytes failed: Only part of a ReadProcessMemory or WriteProcessMemory request was completed. (0x12B)
[1005/083645.363:ERROR:process_memory_win.cc(73)] ReadMemory at 0x1d2e6cf9630 of 132 bytes failed: Only part of a ReadProcessMemory or WriteProcessMemory request was completed. (0x12B)
[1005/083645.363:ERROR:process_memory_win.cc(73)] ReadMemory at 0x1d2e6cf9760 of 146 bytes failed: Only part of a ReadProcessMemory or WriteProcessMemory request was completed. (0x12B)
[1005/083645.363:ERROR:process_memory_win.cc(73)] ReadMemory at 0x1d2e6cfaaa0 of 132 bytes failed: Only part of a ReadProcessMemory or WriteProcessMemory request was completed. (0x12B)
[1005/083645.363:ERROR:process_memory_win.cc(73)] ReadMemory at 0x1d2e6cfabd0 of 132 bytes failed: Only part of a ReadProcessMemory or WriteProcessMemory request was completed. (0x12B)
[1005/083645.363:ERROR:process_memory_win.cc(73)] ReadMemory at 0x1d2e6cfad00 of 132 bytes failed: Only part of a ReadProcessMemory or WriteProcessMemory request was completed. (0x12B)
[1005/083645.363:ERROR:process_memory_win.cc(73)] ReadMemory at 0x1d2e6cfae30 of 132 bytes failed: Only part of a ReadProcessMemory or WriteProcessMemory request was completed. (0x12B)
[1005/083645.363:ERROR:process_memory_win.cc(73)] ReadMemory at 0x1d2e6cfaf60 of 132 bytes failed: Only part of a ReadProcessMemory or WriteProcessMemory request was completed. (0x12B)
[1005/083645.363:ERROR:process_memory_win.cc(73)] ReadMemory at 0x1d2e6cfb090 of 132 bytes failed: Only part of a ReadProcessMemory or WriteProcessMemory request was completed. (0x12B)
[1005/083645.363:ERROR:process_memory_win.cc(73)] ReadMemory at 0x1d2e6cfb1c0 of 132 bytes failed: Only part of a ReadProcessMemory or WriteProcessMemory request was completed. (0x12B)
[1005/083645.363:ERROR:process_memory_win.cc(73)] ReadMemory at 0x1d2e6cfb2f0 of 132 bytes failed: Only part of a ReadProcessMemory or WriteProcessMemory request was completed. (0x12B)
[1005/083645.363:ERROR:process_memory_win.cc(73)] ReadMemory at 0x1d2e6cfb420 of 132 bytes failed: Only part of a ReadProcessMemory or WriteProcessMemory request was completed. (0x12B)
[1005/083645.363:ERROR:process_memory_win.cc(73)] ReadMemory at 0x1d2e6cfb550 of 132 bytes failed: Only part of a ReadProcessMemory or WriteProcessMemory request was completed. (0x12B)
[1005/083645.363:ERROR:process_memory_win.cc(73)] ReadMemory at 0x1d2e6cfb680 of 132 bytes failed: Only part of a ReadProcessMemory or WriteProcessMemory request was completed. (0x12B)
[1005/083645.363:ERROR:process_memory_win.cc(73)] ReadMemory at 0x1d2e6cfb7b0 of 132 bytes failed: Only part of a ReadProcessMemory or WriteProcessMemory request was completed. (0x12B)
[1005/083645.559:ERROR:process_memory_win.cc(73)] ReadMemory at 0x1d2e6cfc020 of 64 bytes failed: Only part of a ReadProcessMemory or WriteProcessMemory request was completed. (0x12B)
[1005/083645.559:ERROR:process_memory_win.cc(73)] ReadMemory at 0x1d2e6cfc0c0 of 62 bytes failed: Only part of a ReadProcessMemory or WriteProcessMemory request was completed. (0x12B)
[1005/083645.559:ERROR:process_memory_win.cc(73)] ReadMemory at 0x1d2e6cfc110 of 62 bytes failed: Only part of a ReadProcessMemory or WriteProcessMemory request was completed. (0x12B)
[1005/083645.559:ERROR:process_memory_win.cc(73)] ReadMemory at 0x1d2e6cfc160 of 64 bytes failed: Only part of a ReadProcessMemory or WriteProcessMemory request was completed. (0x12B)
[1005/083645.560:ERROR:process_memory_win.cc(73)] ReadMemory at 0x1d2e6cfc1b0 of 60 bytes failed: Only part of a ReadProcessMemory or WriteProcessMemory request was completed. (0x12B)
[1005/083645.560:ERROR:process_memory_win.cc(73)] ReadMemory at 0x1d2e6cfc200 of 62 bytes failed: Only part of a ReadProcessMemory or WriteProcessMemory request was completed. (0x12B)
[1005/083645.560:ERROR:process_memory_win.cc(73)] ReadMemory at 0x1d2e6cfc2f0 of 60 bytes failed: Only part of a ReadProcessMemory or WriteProcessMemory request was completed. (0x12B)
[1005/083645.560:ERROR:process_memory_win.cc(73)] ReadMemory at 0x1d2e6cfc340 of 66 bytes failed: Only part of a ReadProcessMemory or WriteProcessMemory request was completed. (0x12B)
[1005/083645.560:ERROR:process_memory_win.cc(73)] ReadMemory at 0x1d2e6cfc4d0 of 64 bytes failed: Only part of a ReadProcessMemory or WriteProcessMemory request was completed. (0x12B)
[1005/083645.560:ERROR:process_memory_win.cc(73)] ReadMemory at 0x1d2e6cfc5c0 of 60 bytes failed: Only part of a ReadProcessMemory or WriteProcessMemory request was completed. (0x12B)
[1005/083645.560:ERROR:process_memory_win.cc(73)] ReadMemory at 0x1d2e6cfc660 of 62 bytes failed: Only part of a ReadProcessMemory or WriteProcessMemory request was completed. (0x12B)
[1005/083645.560:ERROR:process_memory_win.cc(73)] ReadMemory at 0x1d2e6cfc700 of 62 bytes failed: Only part of a ReadProcessMemory or WriteProcessMemory request was completed. (0x12B)
[1005/083645.560:ERROR:process_memory_win.cc(73)] ReadMemory at 0x1d2e6cfc7a0 of 64 bytes failed: Only part of a ReadProcessMemory or WriteProcessMemory request was completed. (0x12B)
[1005/083645.560:ERROR:process_memory_win.cc(73)] ReadMemory at 0x1d2e6cfc840 of 60 bytes failed: Only part of a ReadProcessMemory or WriteProcessMemory request was completed. (0x12B)
[1005/083645.561:ERROR:process_memory_win.cc(73)] ReadMemory at 0x1d2e6cfc8e0 of 62 bytes failed: Only part of a ReadProcessMemory or WriteProcessMemory request was completed. (0x12B)
[1005/083645.561:ERROR:process_memory_win.cc(73)] ReadMemory at 0x1d2e6cfc9d0 of 62 bytes failed: Only part of a ReadProcessMemory or WriteProcessMemory request was completed. (0x12B)
[1005/083645.561:ERROR:process_memory_win.cc(73)] ReadMemory at 0x1d2e6cfca20 of 66 bytes failed: Only part of a ReadProcessMemory or WriteProcessMemory request was completed. (0x12B)
[1005/083645.561:ERROR:process_memory_win.cc(73)] ReadMemory at 0x1d2e6cfca70 of 64 bytes failed: Only part of a ReadProcessMemory or WriteProcessMemory request was completed. (0x12B)
[1005/083645.561:ERROR:process_memory_win.cc(73)] ReadMemory at 0x1d2e6cfcbb0 of 60 bytes failed: Only part of a ReadProcessMemory or WriteProcessMemory request was completed. (0x12B)
[1005/083645.561:ERROR:process_memory_win.cc(73)] ReadMemory at 0x1d2e6cfcc00 of 58 bytes failed: Only part of a ReadProcessMemory or WriteProcessMemory request was completed. (0x12B)
[1005/083645.561:ERROR:process_memory_win.cc(73)] ReadMemory at 0x1d2e6cfcc50 of 62 bytes failed: Only part of a ReadProcessMemory or WriteProcessMemory request was completed. (0x12B)
[1005/083645.561:ERROR:process_memory_win.cc(73)] ReadMemory at 0x1d2e6cfcca0 of 64 bytes failed: Only part of a ReadProcessMemory or WriteProcessMemory request was completed. (0x12B)
[1005/083645.561:ERROR:process_memory_win.cc(73)] ReadMemory at 0x1d2e6cfcde0 of 60 bytes failed: Only part of a ReadProcessMemory or WriteProcessMemory request was completed. (0x12B)
[1005/083645.561:ERROR:process_memory_win.cc(73)] ReadMemory at 0x1d2e6cfce30 of 62 bytes failed: Only part of a ReadProcessMemory or WriteProcessMemory request was completed. (0x12B)
[1005/083645.561:ERROR:process_memory_win.cc(73)] ReadMemory at 0x1d2e6cfce80 of 64 bytes failed: Only part of a ReadProcessMemory or WriteProcessMemory request was completed. (0x12B)
[1005/083645.562:ERROR:process_memory_win.cc(73)] ReadMemory at 0x1d2e6cfced0 of 64 bytes failed: Only part of a ReadProcessMemory or WriteProcessMemory request was completed. (0x12B)
[1005/083645.562:ERROR:process_memory_win.cc(73)] ReadMemory at 0x1d2e6cfcf70 of 62 bytes failed: Only part of a ReadProcessMemory or WriteProcessMemory request was completed. (0x12B)
[1005/083645.562:ERROR:process_memory_win.cc(73)] ReadMemory at 0x1d2e6cff220 of 132 bytes failed: Only part of a ReadProcessMemory or WriteProcessMemory request was completed. (0x12B)
[1005/083645.798:ERROR:process_memory_win.cc(73)] ReadMemory at 0x1d2e6cff430 of 132 bytes failed: Only part of a ReadProcessMemory or WriteProcessMemory request was completed. (0x12B)
[1005/083645.799:ERROR:process_memory_win.cc(73)] ReadMemory at 0x1d2e6d00280 of 132 bytes failed: Only part of a ReadProcessMemory or WriteProcessMemory request was completed. (0x12B)
[1005/083645.800:ERROR:process_memory_win.cc(73)] ReadMemory at 0x1d2e6d003b0 of 132 bytes failed: Only part of a ReadProcessMemory or WriteProcessMemory request was completed. (0x12B)
[1005/083645.800:ERROR:process_memory_win.cc(73)] ReadMemory at 0x1d2e6d00870 of 132 bytes failed: Only part of a ReadProcessMemory or WriteProcessMemory request was completed. (0x12B)
[1005/083645.800:ERROR:process_memory_win.cc(73)] ReadMemory at 0x1d2e6d00ad0 of 132 bytes failed: Only part of a ReadProcessMemory or WriteProcessMemory request was completed. (0x12B)
[1005/083645.800:ERROR:process_memory_win.cc(73)] ReadMemory at 0x1d2e6d00c00 of 132 bytes failed: Only part of a ReadProcessMemory or WriteProcessMemory request was completed. (0x12B)
[1005/083645.801:ERROR:process_memory_win.cc(73)] ReadMemory at 0x1d2e6d016b0 of 132 bytes failed: Only part of a ReadProcessMemory or WriteProcessMemory request was completed. (0x12B)
[1005/083645.801:ERROR:process_memory_win.cc(73)] ReadMemory at 0x1d2e6d017e0 of 132 bytes failed: Only part of a ReadProcessMemory or WriteProcessMemory request was completed. (0x12B)
[1005/083645.801:ERROR:process_memory_win.cc(73)] ReadMemory at 0x1d2e6d01910 of 132 bytes failed: Only part of a ReadProcessMemory or WriteProcessMemory request was completed. (0x12B)
[1005/083645.801:ERROR:process_memory_win.cc(73)] ReadMemory at 0x1d2e6d01a40 of 132 bytes failed: Only part of a ReadProcessMemory or WriteProcessMemory request was completed. (0x12B)
[1005/083645.801:ERROR:process_memory_win.cc(73)] ReadMemory at 0x1d2e6d01b70 of 132 bytes failed: Only part of a ReadProcessMemory or WriteProcessMemory request was completed. (0x12B)
[1005/083645.801:ERROR:process_memory_win.cc(73)] ReadMemory at 0x1d2e6d652a0 of 512 bytes failed: Only part of a ReadProcessMemory or WriteProcessMemory request was completed. (0x12B)
[1005/083645.801:ERROR:process_memory_win.cc(73)] ReadMemory at 0x1d2e6d67240 of 512 bytes failed: Only part of a ReadProcessMemory or WriteProcessMemory request was completed. (0x12B)
[1005/083645.801:ERROR:process_memory_win.cc(73)] ReadMemory at 0x1d2e6d69730 of 512 bytes failed: Only part of a ReadProcessMemory or WriteProcessMemory request was completed. (0x12B)
[1005/083645.801:ERROR:process_memory_win.cc(73)] ReadMemory at 0x1d2e6d6efb0 of 512 bytes failed: Only part of a ReadProcessMemory or WriteProcessMemory request was completed. (0x12B)
[1005/083645.802:ERROR:process_memory_win.cc(73)] ReadMemory at 0x1d2e6d94c60 of 512 bytes failed: Only part of a ReadProcessMemory or WriteProcessMemory request was completed. (0x12B)
[1005/083645.802:ERROR:process_memory_win.cc(73)] ReadMemory at 0x1d2e6d97360 of 512 bytes failed: Only part of a ReadProcessMemory or WriteProcessMemory request was completed. (0x12B)
[1005/083645.802:ERROR:process_memory_win.cc(73)] ReadMemory at 0x1d2e6da31d0 of 712 bytes failed: Only part of a ReadProcessMemory or WriteProcessMemory request was completed. (0x12B)
[1005/083645.802:ERROR:process_memory_win.cc(73)] ReadMemory at 0x1d2e6dbd080 of 512 bytes failed: Only part of a ReadProcessMemory or WriteProcessMemory request was completed. (0x12B)
[1005/083645.802:ERROR:process_memory_win.cc(73)] ReadMemory at 0x1d2e6e20ca0 of 800 bytes failed: Only part of a ReadProcessMemory or WriteProcessMemory request was completed. (0x12B)
[1005/083645.803:ERROR:process_memory_win.cc(73)] ReadMemory at 0x1d2e86874a0 of 512 bytes failed: Only part of a ReadProcessMemory or WriteProcessMemory request was completed. (0x12B)
[1005/083645.803:ERROR:process_memory_win.cc(73)] ReadMemory at 0x1d2e86b5160 of 512 bytes failed: Only part of a ReadProcessMemory or WriteProcessMemory request was completed. (0x12B)
[1005/083645.803:ERROR:process_memory_win.cc(73)] ReadMemory at 0x1d2e86d8358 of 512 bytes failed: Only part of a ReadProcessMemory or WriteProcessMemory request was completed. (0x12B)
[1005/083645.803:ERROR:process_memory_win.cc(73)] ReadMemory at 0x1d2e873f348 of 512 bytes failed: Only part of a ReadProcessMemory or WriteProcessMemory request was completed. (0x12B)
[1005/083645.803:ERROR:process_memory_win.cc(73)] ReadMemory at 0x1d2e8770bf4 of 1152 bytes failed: Only part of a ReadProcessMemory or WriteProcessMemory request was completed. (0x12B)
[1005/083645.803:ERROR:process_memory_win.cc(73)] ReadMemory at 0x1d2eece0760 of 512 bytes failed: Only part of a ReadProcessMemory or WriteProcessMemory request was completed. (0x12B)
[1005/083645.803:ERROR:process_memory_win.cc(73)] ReadMemory at 0x1d2f1f99ee0 of 288 bytes failed: Only part of a ReadProcessMemory or WriteProcessMemory request was completed. (0x12B)
[1005/083645.803:ERROR:process_memory_win.cc(73)] ReadMemory at 0x1d2f3341100 of 512 bytes failed: Only part of a ReadProcessMemory or WriteProcessMemory request was completed. (0x12B)
[1005/083645.803:ERROR:process_memory_win.cc(73)] ReadMemory at 0x1d2f6c09000 of 400 bytes failed: Only part of a ReadProcessMemory or WriteProcessMemory request was completed. (0x12B)
[1005/083645.803:ERROR:process_memory_win.cc(73)] ReadMemory at 0x1d2f9769720 of 512 bytes failed: Only part of a ReadProcessMemory or WriteProcessMemory request was completed. (0x12B)
[1005/083645.803:ERROR:process_memory_win.cc(73)] ReadMemory at 0x1d2fa88ae90 of 544 bytes failed: Only part of a ReadProcessMemory or WriteProcessMemory request was completed. (0x12B)
[1005/083645.803:ERROR:process_memory_win.cc(73)] ReadMemory at 0x1d2fa88b460 of 512 bytes failed: Only part of a ReadProcessMemory or WriteProcessMemory request was completed. (0x12B)
[1005/083645.803:ERROR:process_memory_win.cc(73)] ReadMemory at 0x1d2fa88bd30 of 512 bytes failed: Only part of a ReadProcessMemory or WriteProcessMemory request was completed. (0x12B)
[1005/083645.803:ERROR:process_memory_win.cc(73)] ReadMemory at 0x1d2fb735cc0 of 512 bytes failed: Only part of a ReadProcessMemory or WriteProcessMemory request was completed. (0x12B)
[1005/083646.027:ERROR:scoped_process_suspend.cc(40)] NtResumeProcess: An attempt was made to access an exiting process. (0xc000010a)
